<?xml version="1.0" encoding="UTF-8"?>
<!-- Generated by org.testng.reporters.JUnitReportReporter -->
<testsuite hostname="LAPTOP-J21AMAMJ" failures="0" tests="4" name="com.sellabs.wdprogram.TestingProg2" time="0.009" errors="0" timestamp="2022-05-24T21:56:37 IST" skipped="0">
  <testcase classname="com.sellabs.wdprogram.TestingProg2" name="B" time="0.006"/>
  <system-out>
    <![CDATA[10]]>
  </system-out>
  <testcase classname="com.sellabs.wdprogram.TestingProg2" name="D" time="0.001"/>
  <system-out/>
  <testcase classname="com.sellabs.wdprogram.TestingProg2" name="A" time="0.001"/>
  <system-out/>
  <testcase classname="com.sellabs.wdprogram.TestingProg2" name="C" time="0.001"/>
  <system-out/>
</testsuite> <!-- com.sellabs.wdprogram.TestingProg2 -->
